dexy - INFO - starting logging for dexy
dexy - INFO - using config file 'dexy.yaml'
dexy - INFO - running 32bb636196f91ed59d7a49190e26b42c bundle:assets: about to run 'bundle:assets'
dexy - INFO - running 1fefe51ec05ae4f6b1b9a4a5328c4573 pattern:*.css: about to run 'pattern:*.css'
dexy - INFO - running bd5033eb9bd2ae54eaa936bd6c1f69da doc:deck.js/themes/transition/fade.css: about to run 'doc:deck.js/themes/transition/fade.css'
dexy - INFO - running a60ad55a377ddd0bea67b325dcf28d8c doc:deck.js/themes/style/dataewan.css: about to run 'doc:deck.js/themes/style/dataewan.css'
dexy - INFO - running 6cbe2a9199fbac1d4f1a691e81c582b7 doc:deck.js/extensions/scale/deck.scale.css: about to run 'doc:deck.js/extensions/scale/deck.scale.css'
dexy - INFO - running 91df03befd4f951adaf3cb870fc4a737 doc:deck.js/extensions/menu/deck.menu.css: about to run 'doc:deck.js/extensions/menu/deck.menu.css'
dexy - INFO - running 8fc7837c6d3f76701242cdc51ba0b97f doc:deck.js/extensions/navigation/deck.navigation.css: about to run 'doc:deck.js/extensions/navigation/deck.navigation.css'
dexy - INFO - running 9aff5bae77849ff8f74bf824169e1c2d doc:deck.js/themes/style/neon.css: about to run 'doc:deck.js/themes/style/neon.css'
dexy - INFO - running b9b2d46b0aa8b92df8a5e8289109343a doc:deck.js/themes/style/web-2.0.css: about to run 'doc:deck.js/themes/style/web-2.0.css'
dexy - INFO - running d5eab269dcd6ed31173db25c4f08929d doc:deck.js/core/deck.core.css: about to run 'doc:deck.js/core/deck.core.css'
dexy - INFO - running 6c0b7efa1b72dca93fcc49c081d4b242 doc:deck.js/extensions/hash/deck.hash.css: about to run 'doc:deck.js/extensions/hash/deck.hash.css'
dexy - INFO - running cfc52d2d78764d59c8eb60c0c4b8a7db doc:deck.js/extensions/goto/deck.goto.css: about to run 'doc:deck.js/extensions/goto/deck.goto.css'
dexy - INFO - running 2e5ce87be51a99c2564f27c220777442 doc:deck.js/extensions/status/deck.status.css: about to run 'doc:deck.js/extensions/status/deck.status.css'
dexy - INFO - running 7678db2933518ddec7264be7d4aecb80 doc:deck.js/dataewan.css: about to run 'doc:deck.js/dataewan.css'
dexy - INFO - running 5ea46e7b2364aec80aa93dfc7fb4002f doc:deck.js/test/lib/jasmine.css: about to run 'doc:deck.js/test/lib/jasmine.css'
dexy - INFO - running 0cf4717a8e7291e3201a243bf05088f1 doc:deck.js/themes/style/swiss.css: about to run 'doc:deck.js/themes/style/swiss.css'
dexy - INFO - running 2e3a0a26fc8e219dbc79a63b1542c36b doc:deck.js/themes/transition/vertical-slide.css: about to run 'doc:deck.js/themes/transition/vertical-slide.css'
dexy - INFO - running e8e7a36778f0c0c4167e4d54b8541550 doc:deck.js/themes/transition/horizontal-slide.css: about to run 'doc:deck.js/themes/transition/horizontal-slide.css'
dexy - INFO - running e83389bdd4d92df8e9bc65c5a3682c4f pattern:*.js: about to run 'pattern:*.js'
dexy - INFO - running c5ea5136c726bd9b4d3e762a95fdd3be doc:deck.js/test/spec.core.js: about to run 'doc:deck.js/test/spec.core.js'
dexy - INFO - running 8afaddb7ebdd55308533892e8f547e12 doc:deck.js/extensions/status/deck.status.js: about to run 'doc:deck.js/extensions/status/deck.status.js'
dexy - INFO - running dcd636861efe8215862989b7c603b996 doc:deck.js/jquery-1.7.2.min.js: about to run 'doc:deck.js/jquery-1.7.2.min.js'
dexy - INFO - running 17a627e27a41b81c62127142800df10f doc:deck.js/test/lib/jasmine-html.js: about to run 'doc:deck.js/test/lib/jasmine-html.js'
dexy - INFO - running 5d718d192fe83b07f8b33e18cc7afecf doc:deck.js/modernizr.custom.js: about to run 'doc:deck.js/modernizr.custom.js'
dexy - INFO - running 56467869fb3d1840b6b6d86d22e5bd22 doc:deck.js/test/spec.scale.js: about to run 'doc:deck.js/test/spec.scale.js'
dexy - INFO - running 47903be6c5cb906970003bd5dfda4acb doc:deck.js/core/deck.core.js: about to run 'doc:deck.js/core/deck.core.js'
dexy - INFO - running e5051c45a72623de6ac76ac762468ef7 doc:deck.js/test/spec.goto.js: about to run 'doc:deck.js/test/spec.goto.js'
dexy - INFO - running ca9eceace7c93ede5800f7b4bca1c8e7 doc:deck.js/extensions/goto/deck.goto.js: about to run 'doc:deck.js/extensions/goto/deck.goto.js'
dexy - INFO - running 0bad9bf720c7e8999b6b7bfc6d4882fa doc:deck.js/test/spec.menu.js: about to run 'doc:deck.js/test/spec.menu.js'
dexy - INFO - running c59756dc36582d3dba2decbe5ffa4698 doc:deck.js/test/spec.navigation.js: about to run 'doc:deck.js/test/spec.navigation.js'
dexy - INFO - running 7fe8af99ffe58bac41abc6997f2f6d26 doc:deck.js/test/settings.js: about to run 'doc:deck.js/test/settings.js'
dexy - INFO - running 383f93549d2a82059977d3e8af99caf9 doc:deck.js/extensions/navigation/deck.navigation.js: about to run 'doc:deck.js/extensions/navigation/deck.navigation.js'
dexy - INFO - running 13b8ae8c536a1028074cf0006c6e66aa doc:deck.js/test/lib/jasmine-jquery.js: about to run 'doc:deck.js/test/lib/jasmine-jquery.js'
dexy - INFO - running 4a59236c7a15dbd9ff33dcd9b1e52ee1 doc:deck.js/test/spec.hash.js: about to run 'doc:deck.js/test/spec.hash.js'
dexy - INFO - running 683991747f3e566468c5939448fbd913 doc:deck.js/extensions/scale/deck.scale.js: about to run 'doc:deck.js/extensions/scale/deck.scale.js'
dexy - INFO - running b0e9c6b012a6f96e0ef985fe929c3f4c doc:deck.js/extensions/menu/deck.menu.js: about to run 'doc:deck.js/extensions/menu/deck.menu.js'
dexy - INFO - running b4afbcfb2a38ba6720fa1398c07e8a96 doc:deck.js/test/spec.status.js: about to run 'doc:deck.js/test/spec.status.js'
dexy - INFO - running 4716aa43be8c5c85b2a4afbe5c03b179 doc:deck.js/extensions/hash/deck.hash.js: about to run 'doc:deck.js/extensions/hash/deck.hash.js'
dexy - INFO - running 4508c4937ef5558d852276a217440e72 doc:deck.js/test/lib/jasmine.js: about to run 'doc:deck.js/test/lib/jasmine.js'
dexy - INFO - starting logging for dexy
dexy - INFO - using config file 'dexy.yaml'
dexy - INFO - running 32bb636196f91ed59d7a49190e26b42c bundle:assets: using cache for 'bundle:assets'
dexy - INFO - starting logging for dexy
dexy - INFO - using config file 'dexy.yaml'
dexy - ERROR - A problem has occurred with one of your documents:
dexy - ERROR - no alias 'jinja2' available for 'Filter'
dexy - INFO - starting logging for dexy
dexy - INFO - using config file 'dexy.yaml'
dexy - INFO - running 32bb636196f91ed59d7a49190e26b42c bundle:assets: using cache for 'bundle:assets'
dexy - INFO - running 98defd6ee70dfb1dea416cecdf391f58 bundle:site: about to run 'bundle:site'
dexy - INFO - running ca75b38e46191d369efaaf1029c29094 doc:index.html|jinja: about to run 'doc:index.html|jinja'
dexy - INFO - starting logging for dexy
dexy - INFO - using config file 'dexy.yaml'
dexy - INFO - running 32bb636196f91ed59d7a49190e26b42c bundle:assets: using cache for 'bundle:assets'
dexy - INFO - running 98defd6ee70dfb1dea416cecdf391f58 bundle:site: about to run 'bundle:site'
dexy - INFO - running ca75b38e46191d369efaaf1029c29094 doc:index.html|jinja: about to run 'doc:index.html|jinja'
dexy - INFO - starting logging for dexy
dexy - INFO - using config file 'dexy.yaml'
dexy - INFO - running 32bb636196f91ed59d7a49190e26b42c bundle:assets: using cache for 'bundle:assets'
dexy - INFO - running 98defd6ee70dfb1dea416cecdf391f58 bundle:site: about to run 'bundle:site'
dexy - INFO - running ca75b38e46191d369efaaf1029c29094 doc:index.html|jinja: about to run 'doc:index.html|jinja'
dexy - INFO - starting logging for dexy
dexy - INFO - using config file 'dexy.yaml'
dexy - INFO - running 32bb636196f91ed59d7a49190e26b42c bundle:assets: using cache for 'bundle:assets'
dexy - INFO - running 98defd6ee70dfb1dea416cecdf391f58 bundle:site: about to run 'bundle:site'
dexy - INFO - running ca75b38e46191d369efaaf1029c29094 doc:index.html|jinja: about to run 'doc:index.html|jinja'
dexy - INFO - starting logging for dexy
dexy - INFO - using config file 'dexy.yaml'
dexy - INFO - running 32bb636196f91ed59d7a49190e26b42c bundle:assets: using cache for 'bundle:assets'
dexy - INFO - running 98defd6ee70dfb1dea416cecdf391f58 bundle:site: about to run 'bundle:site'
dexy - INFO - running ca75b38e46191d369efaaf1029c29094 doc:index.html|jinja: about to run 'doc:index.html|jinja'
dexy - INFO - starting logging for dexy
dexy - INFO - using config file 'dexy.yaml'
dexy - INFO - running 32bb636196f91ed59d7a49190e26b42c bundle:assets: using cache for 'bundle:assets'
dexy - INFO - running 98defd6ee70dfb1dea416cecdf391f58 bundle:site: about to run 'bundle:site'
dexy - INFO - running ca75b38e46191d369efaaf1029c29094 doc:index.html|jinja: about to run 'doc:index.html|jinja'
dexy - INFO - starting logging for dexy
dexy - INFO - using config file 'dexy.yaml'
dexy - INFO - running 32bb636196f91ed59d7a49190e26b42c bundle:assets: using cache for 'bundle:assets'
dexy - INFO - running 98defd6ee70dfb1dea416cecdf391f58 bundle:site: using cache for 'bundle:site'
dexy - INFO - starting logging for dexy
dexy - INFO - using config file 'dexy.yaml'
dexy - INFO - running 32bb636196f91ed59d7a49190e26b42c bundle:assets: using cache for 'bundle:assets'
dexy - INFO - running 98defd6ee70dfb1dea416cecdf391f58 bundle:site: about to run 'bundle:site'
dexy - INFO - running ca75b38e46191d369efaaf1029c29094 doc:index.html|jinja: about to run 'doc:index.html|jinja'
dexy - INFO - starting logging for dexy
dexy - INFO - using config file 'dexy.yaml'
dexy - INFO - running 32bb636196f91ed59d7a49190e26b42c bundle:assets: using cache for 'bundle:assets'
dexy - INFO - running 98defd6ee70dfb1dea416cecdf391f58 bundle:site: about to run 'bundle:site'
dexy - INFO - running ca75b38e46191d369efaaf1029c29094 doc:index.html|jinja: about to run 'doc:index.html|jinja'
dexy - INFO - starting logging for dexy
dexy - INFO - using config file 'dexy.yaml'
dexy - INFO - running 32bb636196f91ed59d7a49190e26b42c bundle:assets: using cache for 'bundle:assets'
dexy - INFO - running 98defd6ee70dfb1dea416cecdf391f58 bundle:site: about to run 'bundle:site'
dexy - INFO - running ca75b38e46191d369efaaf1029c29094 doc:index.html|jinja: about to run 'doc:index.html|jinja'
dexy - INFO - starting logging for dexy
dexy - INFO - using config file 'dexy.yaml'
dexy - INFO - running 32bb636196f91ed59d7a49190e26b42c bundle:assets: using cache for 'bundle:assets'
dexy - INFO - running 98defd6ee70dfb1dea416cecdf391f58 bundle:site: about to run 'bundle:site'
dexy - INFO - running ca75b38e46191d369efaaf1029c29094 doc:index.html|jinja: about to run 'doc:index.html|jinja'
dexy - INFO - starting logging for dexy
dexy - INFO - using config file 'dexy.yaml'
dexy - INFO - running 32bb636196f91ed59d7a49190e26b42c bundle:assets: using cache for 'bundle:assets'
dexy - INFO - running 98defd6ee70dfb1dea416cecdf391f58 bundle:site: about to run 'bundle:site'
dexy - INFO - running ca75b38e46191d369efaaf1029c29094 doc:index.html|jinja: about to run 'doc:index.html|jinja'
dexy - INFO - starting logging for dexy
dexy - INFO - using config file 'dexy.yaml'
dexy - INFO - running 32bb636196f91ed59d7a49190e26b42c bundle:assets: using cache for 'bundle:assets'
dexy - INFO - running 98defd6ee70dfb1dea416cecdf391f58 bundle:site: about to run 'bundle:site'
dexy - INFO - running ca75b38e46191d369efaaf1029c29094 doc:index.html|jinja: about to run 'doc:index.html|jinja'
dexy - INFO - starting logging for dexy
dexy - ERROR - A problem has occurred with one of your documents:
dexy - ERROR - pip left an old build/ file lying around, please remove this before running dexy
dexy - INFO - starting logging for dexy
dexy - INFO - using config file 'dexy.yaml'
dexy - ERROR - A problem has occurred with one of your documents:
dexy - ERROR - You passed a dict to site, please pass a sequence
dexy - INFO - starting logging for dexy
dexy - INFO - using config file 'dexy.yaml'
dexy - INFO - running 32bb636196f91ed59d7a49190e26b42c bundle:assets: using cache for 'bundle:assets'
dexy - INFO - running 98defd6ee70dfb1dea416cecdf391f58 bundle:site: about to run 'bundle:site'
dexy - INFO - starting logging for dexy
dexy - INFO - using config file 'dexy.yaml'
dexy - INFO - running 32bb636196f91ed59d7a49190e26b42c bundle:assets: using cache for 'bundle:assets'
dexy - INFO - running 98defd6ee70dfb1dea416cecdf391f58 bundle:site: using cache for 'bundle:site'
dexy - INFO - starting logging for dexy
dexy - INFO - using config file 'dexy.yaml'
dexy - ERROR - A problem has occurred with one of your documents:
dexy - ERROR - no alias '' available for 'Filter'
dexy - INFO - starting logging for dexy
dexy - INFO - using config file 'dexy.yaml'
dexy - ERROR - A problem has occurred with one of your documents:
dexy - ERROR - no alias '' available for 'Filter'
dexy - INFO - starting logging for dexy
dexy - INFO - using config file 'dexy.yaml'
dexy - ERROR - A problem has occurred with one of your documents:
dexy - ERROR - no alias '' available for 'Filter'
dexy - INFO - starting logging for dexy
dexy - INFO - using config file 'dexy.yaml'
dexy - ERROR - A problem has occurred with one of your documents:
dexy - ERROR - no alias '' available for 'Filter'
dexy - INFO - starting logging for dexy
dexy - INFO - using config file 'dexy.yaml'
dexy - ERROR - A problem has occurred with one of your documents:
dexy - ERROR - no alias '' available for 'Filter'
dexy - INFO - starting logging for dexy
dexy - INFO - using config file 'dexy.yaml'
dexy - INFO - running 6474d9e34db1f558c586cc97b7c1dc79 doc:tmp.html|jinja: about to run 'doc:tmp.html|jinja'
dexy - INFO - running e15f67888de2ebd0a372bbc4f70196d7 pattern:*.py|py: about to run 'pattern:*.py|py'
dexy - INFO - running 34fc310d47a1d282f111f6d02807e49a doc:process_data.py|py: about to run 'doc:process_data.py|py'
dexy - WARNING - [Errno 2] No such file or directory: '.cache/this/34/34fc310d47a1d282f111f6d02807e49a-001-py.txt'
dexy - INFO - starting logging for dexy
dexy - INFO - using config file 'dexy.yaml'
dexy - INFO - running 6474d9e34db1f558c586cc97b7c1dc79 doc:tmp.html|jinja: about to run 'doc:tmp.html|jinja'
dexy - INFO - running e15f67888de2ebd0a372bbc4f70196d7 pattern:*.py|py: about to run 'pattern:*.py|py'
dexy - INFO - running 34fc310d47a1d282f111f6d02807e49a doc:process_data.py|py: about to run 'doc:process_data.py|py'
dexy - WARNING - [Errno 2] No such file or directory: '.cache/this/34/34fc310d47a1d282f111f6d02807e49a-001-py.txt'
dexy - INFO - starting logging for dexy
dexy - INFO - using config file 'dexy.yaml'
dexy - INFO - running ca75b38e46191d369efaaf1029c29094 doc:index.html|jinja: about to run 'doc:index.html|jinja'
dexy - INFO - running e15f67888de2ebd0a372bbc4f70196d7 pattern:*.py|py: about to run 'pattern:*.py|py'
dexy - INFO - running 34fc310d47a1d282f111f6d02807e49a doc:process_data.py|py: about to run 'doc:process_data.py|py'
dexy - WARNING - [Errno 2] No such file or directory: '.cache/this/34/34fc310d47a1d282f111f6d02807e49a-001-py.txt'
dexy - INFO - starting logging for dexy
dexy - INFO - using config file 'dexy.yaml'
dexy - INFO - running ca75b38e46191d369efaaf1029c29094 doc:index.html|jinja: about to run 'doc:index.html|jinja'
dexy - INFO - running e15f67888de2ebd0a372bbc4f70196d7 pattern:*.py|py: about to run 'pattern:*.py|py'
dexy - INFO - running 34fc310d47a1d282f111f6d02807e49a doc:process_data.py|py: about to run 'doc:process_data.py|py'
dexy - INFO - starting logging for dexy
dexy - INFO - using config file 'dexy.yaml'
dexy - INFO - running 98defd6ee70dfb1dea416cecdf391f58 bundle:site: about to run 'bundle:site'
dexy - INFO - running ca75b38e46191d369efaaf1029c29094 doc:index.html|jinja: using cache for 'doc:index.html|jinja'
dexy - INFO - starting logging for dexy
dexy - INFO - using config file 'dexy.yaml'
dexy - INFO - running 32bb636196f91ed59d7a49190e26b42c bundle:assets: about to run 'bundle:assets'
dexy - INFO - running 32981a13284db7a021131df49e6cd203 bundle:js: about to run 'bundle:js'
dexy - INFO - running c7a628cba22e28eb17b5f5c6ae2a266a bundle:css: about to run 'bundle:css'
dexy - INFO - running 98defd6ee70dfb1dea416cecdf391f58 bundle:site: using cache for 'bundle:site'
dexy - INFO - starting logging for dexy
dexy - INFO - using config file 'dexy.yaml'
dexy - INFO - running 32bb636196f91ed59d7a49190e26b42c bundle:assets: about to run 'bundle:assets'
dexy - INFO - running 8277e0910d750195b448797616e091ad bundle:d: about to run 'bundle:d'
dexy - INFO - running e1671797c52e15f763380b45e841ec32 bundle:e: about to run 'bundle:e'
dexy - INFO - running 4a8a08f09d37b73795649038408b5f33 bundle:c: about to run 'bundle:c'
dexy - INFO - running 8ce4b16b22b58894aa86c421e8759df3 bundle:k: about to run 'bundle:k'
dexy - INFO - running 3db6003ce6c1725a9edb9d0e99a9ac3d pattern:*.: about to run 'pattern:*.'
dexy - INFO - running 363b122c528f54df4a0446b6bab05515 bundle:j: about to run 'bundle:j'
dexy - INFO - running 03c7c0ace395d80182db07ae2c30f034 bundle:s: about to run 'bundle:s'
dexy - INFO - running 98defd6ee70dfb1dea416cecdf391f58 bundle:site: using cache for 'bundle:site'
dexy - INFO - starting logging for dexy
dexy - INFO - using config file 'dexy.yaml'
dexy - INFO - running 32bb636196f91ed59d7a49190e26b42c bundle:assets: about to run 'bundle:assets'
dexy - INFO - running 92c8bab88f4b5b538ba9e5ba9054bc7e pattern:deck.js/*: about to run 'pattern:deck.js/*'
dexy - INFO - running d2ae314ee551f6a339f45630f8b09204 doc:deck.js/core/deck.core.scss: about to run 'doc:deck.js/core/deck.core.scss'
dexy - INFO - running c5ea5136c726bd9b4d3e762a95fdd3be doc:deck.js/test/spec.core.js: about to run 'doc:deck.js/test/spec.core.js'
dexy - INFO - running 8afaddb7ebdd55308533892e8f547e12 doc:deck.js/extensions/status/deck.status.js: about to run 'doc:deck.js/extensions/status/deck.status.js'
dexy - INFO - running bd5033eb9bd2ae54eaa936bd6c1f69da doc:deck.js/themes/transition/fade.css: about to run 'doc:deck.js/themes/transition/fade.css'
dexy - INFO - running dcd636861efe8215862989b7c603b996 doc:deck.js/jquery-1.7.2.min.js: about to run 'doc:deck.js/jquery-1.7.2.min.js'
dexy - INFO - running 9d75d46e8fcad185699838aee215cf2a doc:deck.js/test/fixtures/complex.html: about to run 'doc:deck.js/test/fixtures/complex.html'
dexy - INFO - running 4a02b537c590336ff2c41b28741c42f2 doc:deck.js/boilerplate.html: about to run 'doc:deck.js/boilerplate.html'
dexy - INFO - running 8a27681a02424d947991d1f193a920bd doc:deck.js/extensions/scale/deck.scale.scss: about to run 'doc:deck.js/extensions/scale/deck.scale.scss'
dexy - INFO - running ae4a2ceb224b6b409f7ba520ee544a33 doc:deck.js/GPL-license.txt: about to run 'doc:deck.js/GPL-license.txt'
dexy - INFO - running df0f18b3b9d831ffe47863ea36e6164b doc:deck.js/themes/style/neon.scss: about to run 'doc:deck.js/themes/style/neon.scss'
dexy - INFO - running 17a627e27a41b81c62127142800df10f doc:deck.js/test/lib/jasmine-html.js: about to run 'doc:deck.js/test/lib/jasmine-html.js'
dexy - INFO - running 14daf0418aa249933d53b01a4cebdcd3 doc:deck.js/extensions/navigation/deck.navigation.html: about to run 'doc:deck.js/extensions/navigation/deck.navigation.html'
dexy - INFO - running f3c2f285f03ba2a280a5b00d209abfa3 doc:deck.js/extensions/goto/deck.goto.scss: about to run 'doc:deck.js/extensions/goto/deck.goto.scss'
dexy - INFO - running f2379b23c381ae25a41e6a0bb2db6732 doc:deck.js/themes/style/swiss.scss: about to run 'doc:deck.js/themes/style/swiss.scss'
dexy - INFO - running 236af3d12cee245aa47bdcf482d01d92 doc:deck.js/extensions/hash/deck.hash.html: about to run 'doc:deck.js/extensions/hash/deck.hash.html'
dexy - INFO - running 5d718d192fe83b07f8b33e18cc7afecf doc:deck.js/modernizr.custom.js: about to run 'doc:deck.js/modernizr.custom.js'
dexy - INFO - running 56467869fb3d1840b6b6d86d22e5bd22 doc:deck.js/test/spec.scale.js: about to run 'doc:deck.js/test/spec.scale.js'
dexy - INFO - running 6a5847d89c9676cbcd77d6eee67f02b2 doc:deck.js/extensions/goto/deck.goto.html: about to run 'doc:deck.js/extensions/goto/deck.goto.html'
dexy - INFO - running fb796871e9eb8e0fb89d9d738a35d463 doc:deck.js/themes/style/sass/dataewan.scss: about to run 'doc:deck.js/themes/style/sass/dataewan.scss'
dexy - INFO - running 56ee1c87ff76b7121d2dd79a7d16c6c2 doc:deck.js/themes/transition/horizontal-slide.scss: about to run 'doc:deck.js/themes/transition/horizontal-slide.scss'
dexy - INFO - running 5f612dfa58b05d17cbbc6c51fb069b08 doc:deck.js/test/fixtures/standard.html: about to run 'doc:deck.js/test/fixtures/standard.html'
dexy - INFO - running b0e9c6b012a6f96e0ef985fe929c3f4c doc:deck.js/extensions/menu/deck.menu.js: about to run 'doc:deck.js/extensions/menu/deck.menu.js'
dexy - INFO - running 47903be6c5cb906970003bd5dfda4acb doc:deck.js/core/deck.core.js: about to run 'doc:deck.js/core/deck.core.js'
dexy - INFO - running e5051c45a72623de6ac76ac762468ef7 doc:deck.js/test/spec.goto.js: about to run 'doc:deck.js/test/spec.goto.js'
dexy - INFO - running ca9eceace7c93ede5800f7b4bca1c8e7 doc:deck.js/extensions/goto/deck.goto.js: about to run 'doc:deck.js/extensions/goto/deck.goto.js'
dexy - INFO - running 0bad9bf720c7e8999b6b7bfc6d4882fa doc:deck.js/test/spec.menu.js: about to run 'doc:deck.js/test/spec.menu.js'
dexy - INFO - running 24696f06ba486a77719fd0739cfa68e1 doc:deck.js/presenting-analysis/img/plot.png: about to run 'doc:deck.js/presenting-analysis/img/plot.png'
dexy - INFO - running abac0cc408ad1e403bbea359040a61f1 doc:deck.js/test/fixtures/iframe_simple.html: about to run 'doc:deck.js/test/fixtures/iframe_simple.html'
dexy - INFO - running 6ec72cc552c368d017acf03b1a0918bf doc:deck.js/themes/style/sass/_mixins.scss: about to run 'doc:deck.js/themes/style/sass/_mixins.scss'
dexy - INFO - running c1845d9fdd139d30e5b62054b316bcb3 doc:deck.js/extensions/menu/deck.menu.scss: about to run 'doc:deck.js/extensions/menu/deck.menu.scss'
dexy - INFO - running eb5a0553627dc7f38b8bfdb0b7e13c24 doc:deck.js/README.md: about to run 'doc:deck.js/README.md'
dexy - INFO - running a60ad55a377ddd0bea67b325dcf28d8c doc:deck.js/themes/style/dataewan.css: about to run 'doc:deck.js/themes/style/dataewan.css'
dexy - INFO - running 6cbe2a9199fbac1d4f1a691e81c582b7 doc:deck.js/extensions/scale/deck.scale.css: about to run 'doc:deck.js/extensions/scale/deck.scale.css'
dexy - INFO - running 91df03befd4f951adaf3cb870fc4a737 doc:deck.js/extensions/menu/deck.menu.css: about to run 'doc:deck.js/extensions/menu/deck.menu.css'
dexy - INFO - running 9cd680c484d7b1147690739c2e0b5aaa doc:deck.js/themes/style/sass/partials/_base.scss: about to run 'doc:deck.js/themes/style/sass/partials/_base.scss'
dexy - INFO - running 2c6f97b58cd540a1546511ddb5a8aeae doc:deck.js/test/index.html: about to run 'doc:deck.js/test/index.html'
dexy - INFO - running fb7d6c9e1c9f6a6fa016c27f55f6d0e8 doc:deck.js/presenting-analysis/index.html: about to run 'doc:deck.js/presenting-analysis/index.html'
dexy - INFO - running 70ce44574f4116a95c57ca9aa71ade24 doc:deck.js/themes/transition/vertical-slide.scss: about to run 'doc:deck.js/themes/transition/vertical-slide.scss'
dexy - INFO - running 8fc7837c6d3f76701242cdc51ba0b97f doc:deck.js/extensions/navigation/deck.navigation.css: about to run 'doc:deck.js/extensions/navigation/deck.navigation.css'
dexy - INFO - running 9f056452031edacb6ac56c3edb9f3951 doc:deck.js/extensions/status/deck.status.html: about to run 'doc:deck.js/extensions/status/deck.status.html'
dexy - INFO - running cc3657b7926ff22060aa4ffef4966003 doc:deck.js/extensions/status/deck.status.scss: about to run 'doc:deck.js/extensions/status/deck.status.scss'
dexy - INFO - running e93c72728e07ed3bc20d95d2d1a51943 doc:deck.js/themes/style/images/grid.png: about to run 'doc:deck.js/themes/style/images/grid.png'
dexy - INFO - running 7678db2933518ddec7264be7d4aecb80 doc:deck.js/dataewan.css: about to run 'doc:deck.js/dataewan.css'
dexy - INFO - running c59756dc36582d3dba2decbe5ffa4698 doc:deck.js/test/spec.navigation.js: about to run 'doc:deck.js/test/spec.navigation.js'
dexy - INFO - running 7fe8af99ffe58bac41abc6997f2f6d26 doc:deck.js/test/settings.js: about to run 'doc:deck.js/test/settings.js'
dexy - INFO - running ba32ac0e4a3003a6fca58fcdfd6bfe0b doc:deck.js/presenting-analysis/img/background.png: about to run 'doc:deck.js/presenting-analysis/img/background.png'
dexy - INFO - running 2d2c32c56990ec28ef16ac943f91c6ed doc:deck.js/themes/style/config.rb: about to run 'doc:deck.js/themes/style/config.rb'
dexy - INFO - running 383f93549d2a82059977d3e8af99caf9 doc:deck.js/extensions/navigation/deck.navigation.js: about to run 'doc:deck.js/extensions/navigation/deck.navigation.js'
dexy - INFO - running 1f300e87548ba6e469fa7f472befe14d doc:deck.js/themes/style/web-2.0.scss: about to run 'doc:deck.js/themes/style/web-2.0.scss'
dexy - INFO - running 9aff5bae77849ff8f74bf824169e1c2d doc:deck.js/themes/style/neon.css: about to run 'doc:deck.js/themes/style/neon.css'
dexy - INFO - running 37371bfe8e6132cdd386f0689b79ab26 doc:deck.js/.gitignore: about to run 'doc:deck.js/.gitignore'
dexy - INFO - running 21e0f90d27d674fbe6ac12b4e80cb20b doc:deck.js/introduction/index.html: about to run 'doc:deck.js/introduction/index.html'
dexy - INFO - running 13b8ae8c536a1028074cf0006c6e66aa doc:deck.js/test/lib/jasmine-jquery.js: about to run 'doc:deck.js/test/lib/jasmine-jquery.js'
dexy - INFO - running 4a59236c7a15dbd9ff33dcd9b1e52ee1 doc:deck.js/test/spec.hash.js: about to run 'doc:deck.js/test/spec.hash.js'
dexy - INFO - running 683991747f3e566468c5939448fbd913 doc:deck.js/extensions/scale/deck.scale.js: about to run 'doc:deck.js/extensions/scale/deck.scale.js'
dexy - INFO - running 109b87f9391110ceb23ed01810998205 doc:deck.js/test/fixtures/empty.html: about to run 'doc:deck.js/test/fixtures/empty.html'
dexy - INFO - running b9b2d46b0aa8b92df8a5e8289109343a doc:deck.js/themes/style/web-2.0.css: about to run 'doc:deck.js/themes/style/web-2.0.css'
dexy - INFO - running 7539dc90b3cc6c031da5b5d997ef2e32 doc:deck.js/test/fixtures/iframes.html: about to run 'doc:deck.js/test/fixtures/iframes.html'
dexy - INFO - running d5eab269dcd6ed31173db25c4f08929d doc:deck.js/core/deck.core.css: about to run 'doc:deck.js/core/deck.core.css'
dexy - INFO - running b4afbcfb2a38ba6720fa1398c07e8a96 doc:deck.js/test/spec.status.js: about to run 'doc:deck.js/test/spec.status.js'
dexy - INFO - running 6c0b7efa1b72dca93fcc49c081d4b242 doc:deck.js/extensions/hash/deck.hash.css: about to run 'doc:deck.js/extensions/hash/deck.hash.css'
dexy - INFO - running 7ad97aec44131618109138208bdadd0b doc:deck.js/themes/transition/fade.scss: about to run 'doc:deck.js/themes/transition/fade.scss'
dexy - INFO - running cfc52d2d78764d59c8eb60c0c4b8a7db doc:deck.js/extensions/goto/deck.goto.css: about to run 'doc:deck.js/extensions/goto/deck.goto.css'
dexy - INFO - running 4716aa43be8c5c85b2a4afbe5c03b179 doc:deck.js/extensions/hash/deck.hash.js: about to run 'doc:deck.js/extensions/hash/deck.hash.js'
dexy - INFO - running 4f4d8a5f27b79d1f2aeaf17d1bd818bf doc:deck.js/extensions/navigation/deck.navigation.scss: about to run 'doc:deck.js/extensions/navigation/deck.navigation.scss'
dexy - INFO - running 4508c4937ef5558d852276a217440e72 doc:deck.js/test/lib/jasmine.js: about to run 'doc:deck.js/test/lib/jasmine.js'
dexy - INFO - running 2e5ce87be51a99c2564f27c220777442 doc:deck.js/extensions/status/deck.status.css: about to run 'doc:deck.js/extensions/status/deck.status.css'
dexy - INFO - running e24954258dcecc812b68092032492eef doc:deck.js/test/fixtures/nesteds.html: about to run 'doc:deck.js/test/fixtures/nesteds.html'
dexy - INFO - running eaf536a6c136a66c21fb523bc3a57b5a doc:deck.js/.git: about to run 'doc:deck.js/.git'
dexy - INFO - running 5ea46e7b2364aec80aa93dfc7fb4002f doc:deck.js/test/lib/jasmine.css: about to run 'doc:deck.js/test/lib/jasmine.css'
dexy - INFO - running 0cf4717a8e7291e3201a243bf05088f1 doc:deck.js/themes/style/swiss.css: about to run 'doc:deck.js/themes/style/swiss.css'
dexy - INFO - running 2e3a0a26fc8e219dbc79a63b1542c36b doc:deck.js/themes/transition/vertical-slide.css: about to run 'doc:deck.js/themes/transition/vertical-slide.css'
dexy - INFO - running 3e7a53546ea5379996cf4639f3451aaf doc:deck.js/extensions/hash/deck.hash.scss: about to run 'doc:deck.js/extensions/hash/deck.hash.scss'
dexy - INFO - running 317121c0532e8b15843edfad5e3b5fa3 doc:deck.js/MIT-license.txt: about to run 'doc:deck.js/MIT-license.txt'
dexy - INFO - running e8e7a36778f0c0c4167e4d54b8541550 doc:deck.js/themes/transition/horizontal-slide.css: about to run 'doc:deck.js/themes/transition/horizontal-slide.css'
dexy - INFO - running 98defd6ee70dfb1dea416cecdf391f58 bundle:site: using cache for 'bundle:site'
dexy - INFO - starting logging for dexy
dexy - INFO - using config file 'dexy.yaml'
dexy - INFO - running 32bb636196f91ed59d7a49190e26b42c bundle:assets: using cache for 'bundle:assets'
dexy - INFO - running 98defd6ee70dfb1dea416cecdf391f58 bundle:site: about to run 'bundle:site'
dexy - INFO - running ca75b38e46191d369efaaf1029c29094 doc:index.html|jinja: about to run 'doc:index.html|jinja'
dexy - INFO - running e15f67888de2ebd0a372bbc4f70196d7 pattern:*.py|py: about to run 'pattern:*.py|py'
dexy - INFO - running 34fc310d47a1d282f111f6d02807e49a doc:process_data.py|py: about to run 'doc:process_data.py|py'
dexy - WARNING - running ca75b38e46191d369efaaf1029c29094 doc:index.html|jinja: /process_data.py-py.txt
dexy - WARNING - running ca75b38e46191d369efaaf1029c29094 doc:index.html|jinja: /process_data.py|py
dexy - WARNING - running ca75b38e46191d369efaaf1029c29094 doc:index.html|jinja: process_data.py-py.txt
dexy - WARNING - running ca75b38e46191d369efaaf1029c29094 doc:index.html|jinja: process_data.py|py
dexy - WARNING - running ca75b38e46191d369efaaf1029c29094 doc:index.html|jinja: title:Process Data
dexy - INFO - starting logging for dexy
dexy - INFO - using config file 'dexy.yaml'
dexy - INFO - running 32bb636196f91ed59d7a49190e26b42c bundle:assets: using cache for 'bundle:assets'
dexy - INFO - running 98defd6ee70dfb1dea416cecdf391f58 bundle:site: about to run 'bundle:site'
dexy - INFO - running ca75b38e46191d369efaaf1029c29094 doc:index.html|jinja: about to run 'doc:index.html|jinja'
dexy - INFO - running 34fc310d47a1d282f111f6d02807e49a doc:process_data.py|py: using cache for 'doc:process_data.py|py'
dexy - WARNING - running ca75b38e46191d369efaaf1029c29094 doc:index.html|jinja: /process_data.py-py.txt
dexy - WARNING - running ca75b38e46191d369efaaf1029c29094 doc:index.html|jinja: /process_data.py|py
dexy - WARNING - running ca75b38e46191d369efaaf1029c29094 doc:index.html|jinja: process_data.py-py.txt
dexy - WARNING - running ca75b38e46191d369efaaf1029c29094 doc:index.html|jinja: process_data.py|py
dexy - WARNING - running ca75b38e46191d369efaaf1029c29094 doc:index.html|jinja: title:Process Data
dexy - INFO - starting logging for dexy
dexy - INFO - using config file 'dexy.yaml'
dexy - INFO - running 32bb636196f91ed59d7a49190e26b42c bundle:assets: using cache for 'bundle:assets'
dexy - INFO - running ca75b38e46191d369efaaf1029c29094 doc:index.html|jinja: about to run 'doc:index.html|jinja'
dexy - INFO - running 34fc310d47a1d282f111f6d02807e49a doc:process_data.py|py: using cache for 'doc:process_data.py|py'
dexy - WARNING - running ca75b38e46191d369efaaf1029c29094 doc:index.html|jinja: /process_data.py-py.txt
dexy - WARNING - running ca75b38e46191d369efaaf1029c29094 doc:index.html|jinja: /process_data.py|py
dexy - WARNING - running ca75b38e46191d369efaaf1029c29094 doc:index.html|jinja: process_data.py-py.txt
dexy - WARNING - running ca75b38e46191d369efaaf1029c29094 doc:index.html|jinja: process_data.py|py
dexy - WARNING - running ca75b38e46191d369efaaf1029c29094 doc:index.html|jinja: title:Process Data
dexy - INFO - starting logging for dexy
dexy - INFO - using config file 'dexy.yaml'
dexy - INFO - running 32bb636196f91ed59d7a49190e26b42c bundle:assets: using cache for 'bundle:assets'
dexy - INFO - running ca75b38e46191d369efaaf1029c29094 doc:index.html|jinja: about to run 'doc:index.html|jinja'
dexy - INFO - running 34fc310d47a1d282f111f6d02807e49a doc:process_data.py|py: about to run 'doc:process_data.py|py'
dexy - WARNING - running ca75b38e46191d369efaaf1029c29094 doc:index.html|jinja: /process_data.py-py.txt
dexy - WARNING - running ca75b38e46191d369efaaf1029c29094 doc:index.html|jinja: /process_data.py|py
dexy - WARNING - running ca75b38e46191d369efaaf1029c29094 doc:index.html|jinja: process_data.py-py.txt
dexy - WARNING - running ca75b38e46191d369efaaf1029c29094 doc:index.html|jinja: process_data.py|py
dexy - WARNING - running ca75b38e46191d369efaaf1029c29094 doc:index.html|jinja: title:Process Data
dexy - INFO - starting logging for dexy
dexy - INFO - using config file 'dexy.yaml'
dexy - ERROR - A problem has occurred with one of your documents:
dexy - ERROR - no alias '' available for 'Filter'
dexy - INFO - starting logging for dexy
dexy - INFO - using config file 'dexy.yaml'
dexy - INFO - running 32bb636196f91ed59d7a49190e26b42c bundle:assets: using cache for 'bundle:assets'
dexy - INFO - running ca75b38e46191d369efaaf1029c29094 doc:index.html|jinja: about to run 'doc:index.html|jinja'
dexy - INFO - running 34fc310d47a1d282f111f6d02807e49a doc:process_data.py|py: using cache for 'doc:process_data.py|py'
dexy - WARNING - running ca75b38e46191d369efaaf1029c29094 doc:index.html|jinja: /process_data.py-py.txt
dexy - WARNING - running ca75b38e46191d369efaaf1029c29094 doc:index.html|jinja: /process_data.py|py
dexy - WARNING - running ca75b38e46191d369efaaf1029c29094 doc:index.html|jinja: process_data.py-py.txt
dexy - WARNING - running ca75b38e46191d369efaaf1029c29094 doc:index.html|jinja: process_data.py|py
dexy - WARNING - running ca75b38e46191d369efaaf1029c29094 doc:index.html|jinja: title:Process Data
dexy - INFO - starting logging for dexy
dexy - INFO - using config file 'dexy.yaml'
dexy - ERROR - A problem has occurred with one of your documents:
dexy - ERROR - You passed a dict to site, please pass a sequence
dexy - INFO - starting logging for dexy
dexy - INFO - using config file 'dexy.yaml'
dexy - INFO - running 32bb636196f91ed59d7a49190e26b42c bundle:assets: using cache for 'bundle:assets'
dexy - INFO - running 98defd6ee70dfb1dea416cecdf391f58 bundle:site: about to run 'bundle:site'
dexy - INFO - running ca75b38e46191d369efaaf1029c29094 doc:index.html|jinja: about to run 'doc:index.html|jinja'
dexy - INFO - running 34fc310d47a1d282f111f6d02807e49a doc:process_data.py|py: using cache for 'doc:process_data.py|py'
dexy - WARNING - running ca75b38e46191d369efaaf1029c29094 doc:index.html|jinja: /process_data.py-py.txt
dexy - WARNING - running ca75b38e46191d369efaaf1029c29094 doc:index.html|jinja: /process_data.py|py
dexy - WARNING - running ca75b38e46191d369efaaf1029c29094 doc:index.html|jinja: process_data.py-py.txt
dexy - WARNING - running ca75b38e46191d369efaaf1029c29094 doc:index.html|jinja: process_data.py|py
dexy - WARNING - running ca75b38e46191d369efaaf1029c29094 doc:index.html|jinja: title:Process Data
dexy - INFO - starting logging for dexy
dexy - INFO - using config file 'dexy.yaml'
dexy - INFO - running 32bb636196f91ed59d7a49190e26b42c bundle:assets: using cache for 'bundle:assets'
dexy - INFO - running 98defd6ee70dfb1dea416cecdf391f58 bundle:site: about to run 'bundle:site'
dexy - INFO - running ca75b38e46191d369efaaf1029c29094 doc:index.html|jinja: about to run 'doc:index.html|jinja'
dexy - INFO - running 34fc310d47a1d282f111f6d02807e49a doc:process_data.py|py: using cache for 'doc:process_data.py|py'
dexy - INFO - starting logging for dexy
dexy - INFO - using config file 'dexy.yaml'
dexy - INFO - running 32bb636196f91ed59d7a49190e26b42c bundle:assets: using cache for 'bundle:assets'
dexy - INFO - running 98defd6ee70dfb1dea416cecdf391f58 bundle:site: about to run 'bundle:site'
dexy - INFO - running ca75b38e46191d369efaaf1029c29094 doc:index.html|jinja: about to run 'doc:index.html|jinja'
dexy - INFO - running 34fc310d47a1d282f111f6d02807e49a doc:process_data.py|py: using cache for 'doc:process_data.py|py'
dexy - INFO - starting logging for dexy
dexy - INFO - using config file 'dexy.yaml'
dexy - INFO - running 32bb636196f91ed59d7a49190e26b42c bundle:assets: using cache for 'bundle:assets'
dexy - INFO - running 98defd6ee70dfb1dea416cecdf391f58 bundle:site: about to run 'bundle:site'
dexy - INFO - running ca75b38e46191d369efaaf1029c29094 doc:index.html|jinja: about to run 'doc:index.html|jinja'
dexy - INFO - running 34fc310d47a1d282f111f6d02807e49a doc:process_data.py|py: using cache for 'doc:process_data.py|py'
dexy - INFO - starting logging for dexy
dexy - INFO - using config file 'dexy.yaml'
dexy - INFO - running 32bb636196f91ed59d7a49190e26b42c bundle:assets: using cache for 'bundle:assets'
dexy - INFO - running 98defd6ee70dfb1dea416cecdf391f58 bundle:site: about to run 'bundle:site'
dexy - INFO - running ca75b38e46191d369efaaf1029c29094 doc:index.html|jinja: about to run 'doc:index.html|jinja'
dexy - INFO - running 34fc310d47a1d282f111f6d02807e49a doc:process_data.py|py: using cache for 'doc:process_data.py|py'
dexy - INFO - starting logging for dexy
dexy - INFO - using config file 'dexy.yaml'
dexy - INFO - running 32bb636196f91ed59d7a49190e26b42c bundle:assets: using cache for 'bundle:assets'
dexy - INFO - running 98defd6ee70dfb1dea416cecdf391f58 bundle:site: using cache for 'bundle:site'
dexy - INFO - starting logging for dexy
dexy - INFO - using config file 'dexy.yaml'
dexy - INFO - running 32bb636196f91ed59d7a49190e26b42c bundle:assets: using cache for 'bundle:assets'
dexy - INFO - running 98defd6ee70dfb1dea416cecdf391f58 bundle:site: about to run 'bundle:site'
dexy - INFO - running ca75b38e46191d369efaaf1029c29094 doc:index.html|jinja: about to run 'doc:index.html|jinja'
dexy - INFO - running 34fc310d47a1d282f111f6d02807e49a doc:process_data.py|py: using cache for 'doc:process_data.py|py'
dexy - INFO - starting logging for dexy
dexy - INFO - using config file 'dexy.yaml'
dexy - INFO - running 32bb636196f91ed59d7a49190e26b42c bundle:assets: using cache for 'bundle:assets'
dexy - INFO - running 98defd6ee70dfb1dea416cecdf391f58 bundle:site: about to run 'bundle:site'
dexy - INFO - running ca75b38e46191d369efaaf1029c29094 doc:index.html|jinja: about to run 'doc:index.html|jinja'
dexy - INFO - running 34fc310d47a1d282f111f6d02807e49a doc:process_data.py|py: using cache for 'doc:process_data.py|py'
dexy - INFO - starting logging for dexy
dexy - INFO - using config file 'dexy.yaml'
dexy - INFO - running 32bb636196f91ed59d7a49190e26b42c bundle:assets: using cache for 'bundle:assets'
dexy - INFO - running 98defd6ee70dfb1dea416cecdf391f58 bundle:site: about to run 'bundle:site'
dexy - INFO - running ca75b38e46191d369efaaf1029c29094 doc:index.html|jinja: about to run 'doc:index.html|jinja'
dexy - INFO - running 34fc310d47a1d282f111f6d02807e49a doc:process_data.py|py: using cache for 'doc:process_data.py|py'
dexy - INFO - starting logging for dexy
dexy - INFO - using config file 'dexy.yaml'
dexy - INFO - running 32bb636196f91ed59d7a49190e26b42c bundle:assets: using cache for 'bundle:assets'
dexy - INFO - running 98defd6ee70dfb1dea416cecdf391f58 bundle:site: about to run 'bundle:site'
dexy - INFO - running ca75b38e46191d369efaaf1029c29094 doc:index.html|jinja: about to run 'doc:index.html|jinja'
dexy - INFO - running 34fc310d47a1d282f111f6d02807e49a doc:process_data.py|py: using cache for 'doc:process_data.py|py'
dexy - INFO - starting logging for dexy
dexy - INFO - using config file 'dexy.yaml'
dexy - INFO - running 32bb636196f91ed59d7a49190e26b42c bundle:assets: using cache for 'bundle:assets'
dexy - INFO - running 98defd6ee70dfb1dea416cecdf391f58 bundle:site: about to run 'bundle:site'
dexy - INFO - running ca75b38e46191d369efaaf1029c29094 doc:index.html|jinja: about to run 'doc:index.html|jinja'
dexy - INFO - running 34fc310d47a1d282f111f6d02807e49a doc:process_data.py|py: using cache for 'doc:process_data.py|py'
dexy - INFO - starting logging for dexy
dexy - INFO - using config file 'dexy.yaml'
dexy - INFO - running 32bb636196f91ed59d7a49190e26b42c bundle:assets: using cache for 'bundle:assets'
dexy - INFO - running 98defd6ee70dfb1dea416cecdf391f58 bundle:site: about to run 'bundle:site'
dexy - INFO - running ca75b38e46191d369efaaf1029c29094 doc:index.html|jinja: about to run 'doc:index.html|jinja'
dexy - INFO - running 34fc310d47a1d282f111f6d02807e49a doc:process_data.py|py: using cache for 'doc:process_data.py|py'
dexy - INFO - starting logging for dexy
dexy - INFO - using config file 'dexy.yaml'
dexy - INFO - running 32bb636196f91ed59d7a49190e26b42c bundle:assets: using cache for 'bundle:assets'
dexy - INFO - running 98defd6ee70dfb1dea416cecdf391f58 bundle:site: about to run 'bundle:site'
dexy - INFO - running ca75b38e46191d369efaaf1029c29094 doc:index.html|jinja: about to run 'doc:index.html|jinja'
dexy - INFO - running 34fc310d47a1d282f111f6d02807e49a doc:process_data.py|py: about to run 'doc:process_data.py|py'
dexy - INFO - starting logging for dexy
dexy - INFO - using config file 'dexy.yaml'
dexy - INFO - running 32bb636196f91ed59d7a49190e26b42c bundle:assets: using cache for 'bundle:assets'
dexy - INFO - running 98defd6ee70dfb1dea416cecdf391f58 bundle:site: about to run 'bundle:site'
dexy - INFO - running ca75b38e46191d369efaaf1029c29094 doc:index.html|jinja: about to run 'doc:index.html|jinja'
dexy - INFO - running 34fc310d47a1d282f111f6d02807e49a doc:process_data.py|py: about to run 'doc:process_data.py|py'
dexy - INFO - starting logging for dexy
dexy - INFO - using config file 'dexy.yaml'
dexy - INFO - running 32bb636196f91ed59d7a49190e26b42c bundle:assets: using cache for 'bundle:assets'
dexy - INFO - running 98defd6ee70dfb1dea416cecdf391f58 bundle:site: about to run 'bundle:site'
dexy - INFO - running ca75b38e46191d369efaaf1029c29094 doc:index.html|jinja: about to run 'doc:index.html|jinja'
dexy - INFO - running 34fc310d47a1d282f111f6d02807e49a doc:process_data.py|py: about to run 'doc:process_data.py|py'
dexy - INFO - starting logging for dexy
dexy - INFO - using config file 'dexy.yaml'
dexy - INFO - running 32bb636196f91ed59d7a49190e26b42c bundle:assets: using cache for 'bundle:assets'
dexy - INFO - running 98defd6ee70dfb1dea416cecdf391f58 bundle:site: about to run 'bundle:site'
dexy - INFO - running ca75b38e46191d369efaaf1029c29094 doc:index.html|jinja: about to run 'doc:index.html|jinja'
dexy - INFO - running 34fc310d47a1d282f111f6d02807e49a doc:process_data.py|py: using cache for 'doc:process_data.py|py'
dexy - INFO - starting logging for dexy
dexy - INFO - using config file 'dexy.yaml'
dexy - INFO - running 32bb636196f91ed59d7a49190e26b42c bundle:assets: using cache for 'bundle:assets'
dexy - INFO - running 98defd6ee70dfb1dea416cecdf391f58 bundle:site: about to run 'bundle:site'
dexy - INFO - running ca75b38e46191d369efaaf1029c29094 doc:index.html|jinja: about to run 'doc:index.html|jinja'
dexy - INFO - running 34fc310d47a1d282f111f6d02807e49a doc:process_data.py|py: using cache for 'doc:process_data.py|py'
dexy - INFO - starting logging for dexy
dexy - INFO - using config file 'dexy.yaml'
dexy - INFO - running 32bb636196f91ed59d7a49190e26b42c bundle:assets: using cache for 'bundle:assets'
dexy - INFO - running 98defd6ee70dfb1dea416cecdf391f58 bundle:site: about to run 'bundle:site'
dexy - INFO - running ca75b38e46191d369efaaf1029c29094 doc:index.html|jinja: about to run 'doc:index.html|jinja'
dexy - INFO - running 34fc310d47a1d282f111f6d02807e49a doc:process_data.py|py: about to run 'doc:process_data.py|py'
dexy - INFO - starting logging for dexy
dexy - INFO - using config file 'dexy.yaml'
dexy - INFO - running 32bb636196f91ed59d7a49190e26b42c bundle:assets: using cache for 'bundle:assets'
dexy - INFO - running 98defd6ee70dfb1dea416cecdf391f58 bundle:site: about to run 'bundle:site'
dexy - INFO - running ca75b38e46191d369efaaf1029c29094 doc:index.html|jinja: about to run 'doc:index.html|jinja'
dexy - INFO - running 34fc310d47a1d282f111f6d02807e49a doc:process_data.py|py: about to run 'doc:process_data.py|py'
dexy - INFO - starting logging for dexy
dexy - INFO - using config file 'dexy.yaml'
dexy - INFO - running 32bb636196f91ed59d7a49190e26b42c bundle:assets: using cache for 'bundle:assets'
dexy - INFO - running 98defd6ee70dfb1dea416cecdf391f58 bundle:site: about to run 'bundle:site'
dexy - INFO - running ca75b38e46191d369efaaf1029c29094 doc:index.html|jinja: about to run 'doc:index.html|jinja'
dexy - INFO - running 63b40ce095bdfc2952302ce61ca69042 doc:processdata.py|py: about to run 'doc:processdata.py|py'
dexy - INFO - starting logging for dexy
dexy - INFO - using config file 'dexy.yaml'
dexy - INFO - running 32bb636196f91ed59d7a49190e26b42c bundle:assets: about to run 'bundle:assets'
dexy - INFO - running 92c8bab88f4b5b538ba9e5ba9054bc7e pattern:deck.js/*: about to run 'pattern:deck.js/*'
dexy - INFO - running d2ae314ee551f6a339f45630f8b09204 doc:deck.js/core/deck.core.scss: about to run 'doc:deck.js/core/deck.core.scss'
dexy - INFO - running c5ea5136c726bd9b4d3e762a95fdd3be doc:deck.js/test/spec.core.js: about to run 'doc:deck.js/test/spec.core.js'
dexy - INFO - running 8afaddb7ebdd55308533892e8f547e12 doc:deck.js/extensions/status/deck.status.js: about to run 'doc:deck.js/extensions/status/deck.status.js'
dexy - INFO - running bd5033eb9bd2ae54eaa936bd6c1f69da doc:deck.js/themes/transition/fade.css: about to run 'doc:deck.js/themes/transition/fade.css'
dexy - INFO - running dcd636861efe8215862989b7c603b996 doc:deck.js/jquery-1.7.2.min.js: about to run 'doc:deck.js/jquery-1.7.2.min.js'
dexy - INFO - running 9d75d46e8fcad185699838aee215cf2a doc:deck.js/test/fixtures/complex.html: about to run 'doc:deck.js/test/fixtures/complex.html'
dexy - INFO - running 4a02b537c590336ff2c41b28741c42f2 doc:deck.js/boilerplate.html: about to run 'doc:deck.js/boilerplate.html'
dexy - INFO - running 8a27681a02424d947991d1f193a920bd doc:deck.js/extensions/scale/deck.scale.scss: about to run 'doc:deck.js/extensions/scale/deck.scale.scss'
dexy - INFO - running ae4a2ceb224b6b409f7ba520ee544a33 doc:deck.js/GPL-license.txt: about to run 'doc:deck.js/GPL-license.txt'
dexy - INFO - running df0f18b3b9d831ffe47863ea36e6164b doc:deck.js/themes/style/neon.scss: about to run 'doc:deck.js/themes/style/neon.scss'
dexy - INFO - running 17a627e27a41b81c62127142800df10f doc:deck.js/test/lib/jasmine-html.js: about to run 'doc:deck.js/test/lib/jasmine-html.js'
dexy - INFO - running 14daf0418aa249933d53b01a4cebdcd3 doc:deck.js/extensions/navigation/deck.navigation.html: about to run 'doc:deck.js/extensions/navigation/deck.navigation.html'
dexy - INFO - running f3c2f285f03ba2a280a5b00d209abfa3 doc:deck.js/extensions/goto/deck.goto.scss: about to run 'doc:deck.js/extensions/goto/deck.goto.scss'
dexy - INFO - running f2379b23c381ae25a41e6a0bb2db6732 doc:deck.js/themes/style/swiss.scss: about to run 'doc:deck.js/themes/style/swiss.scss'
dexy - INFO - running 236af3d12cee245aa47bdcf482d01d92 doc:deck.js/extensions/hash/deck.hash.html: about to run 'doc:deck.js/extensions/hash/deck.hash.html'
dexy - INFO - running 5d718d192fe83b07f8b33e18cc7afecf doc:deck.js/modernizr.custom.js: about to run 'doc:deck.js/modernizr.custom.js'
dexy - INFO - running 6c0b7efa1b72dca93fcc49c081d4b242 doc:deck.js/extensions/hash/deck.hash.css: about to run 'doc:deck.js/extensions/hash/deck.hash.css'
dexy - INFO - running 56467869fb3d1840b6b6d86d22e5bd22 doc:deck.js/test/spec.scale.js: about to run 'doc:deck.js/test/spec.scale.js'
dexy - INFO - running 6a5847d89c9676cbcd77d6eee67f02b2 doc:deck.js/extensions/goto/deck.goto.html: about to run 'doc:deck.js/extensions/goto/deck.goto.html'
dexy - INFO - running fb796871e9eb8e0fb89d9d738a35d463 doc:deck.js/themes/style/sass/dataewan.scss: about to run 'doc:deck.js/themes/style/sass/dataewan.scss'
dexy - INFO - running 56ee1c87ff76b7121d2dd79a7d16c6c2 doc:deck.js/themes/transition/horizontal-slide.scss: about to run 'doc:deck.js/themes/transition/horizontal-slide.scss'
dexy - INFO - running 5f612dfa58b05d17cbbc6c51fb069b08 doc:deck.js/test/fixtures/standard.html: about to run 'doc:deck.js/test/fixtures/standard.html'
dexy - INFO - running b0e9c6b012a6f96e0ef985fe929c3f4c doc:deck.js/extensions/menu/deck.menu.js: about to run 'doc:deck.js/extensions/menu/deck.menu.js'
dexy - INFO - running 47903be6c5cb906970003bd5dfda4acb doc:deck.js/core/deck.core.js: about to run 'doc:deck.js/core/deck.core.js'
dexy - INFO - running 4716aa43be8c5c85b2a4afbe5c03b179 doc:deck.js/extensions/hash/deck.hash.js: about to run 'doc:deck.js/extensions/hash/deck.hash.js'
dexy - INFO - running e5051c45a72623de6ac76ac762468ef7 doc:deck.js/test/spec.goto.js: about to run 'doc:deck.js/test/spec.goto.js'
dexy - INFO - running ca9eceace7c93ede5800f7b4bca1c8e7 doc:deck.js/extensions/goto/deck.goto.js: about to run 'doc:deck.js/extensions/goto/deck.goto.js'
dexy - INFO - running 0bad9bf720c7e8999b6b7bfc6d4882fa doc:deck.js/test/spec.menu.js: about to run 'doc:deck.js/test/spec.menu.js'
dexy - INFO - running 70ce44574f4116a95c57ca9aa71ade24 doc:deck.js/themes/transition/vertical-slide.scss: about to run 'doc:deck.js/themes/transition/vertical-slide.scss'
dexy - INFO - running 24696f06ba486a77719fd0739cfa68e1 doc:deck.js/presenting-analysis/img/plot.png: about to run 'doc:deck.js/presenting-analysis/img/plot.png'
dexy - INFO - running abac0cc408ad1e403bbea359040a61f1 doc:deck.js/test/fixtures/iframe_simple.html: about to run 'doc:deck.js/test/fixtures/iframe_simple.html'
dexy - INFO - running 6ec72cc552c368d017acf03b1a0918bf doc:deck.js/themes/style/sass/_mixins.scss: about to run 'doc:deck.js/themes/style/sass/_mixins.scss'
dexy - INFO - running c1845d9fdd139d30e5b62054b316bcb3 doc:deck.js/extensions/menu/deck.menu.scss: about to run 'doc:deck.js/extensions/menu/deck.menu.scss'
dexy - INFO - running eb5a0553627dc7f38b8bfdb0b7e13c24 doc:deck.js/README.md: about to run 'doc:deck.js/README.md'
dexy - INFO - running a60ad55a377ddd0bea67b325dcf28d8c doc:deck.js/themes/style/dataewan.css: about to run 'doc:deck.js/themes/style/dataewan.css'
dexy - INFO - running 91df03befd4f951adaf3cb870fc4a737 doc:deck.js/extensions/menu/deck.menu.css: about to run 'doc:deck.js/extensions/menu/deck.menu.css'
dexy - INFO - running 9cd680c484d7b1147690739c2e0b5aaa doc:deck.js/themes/style/sass/partials/_base.scss: about to run 'doc:deck.js/themes/style/sass/partials/_base.scss'
dexy - INFO - running 2c6f97b58cd540a1546511ddb5a8aeae doc:deck.js/test/index.html: about to run 'doc:deck.js/test/index.html'
dexy - INFO - running 8fc7837c6d3f76701242cdc51ba0b97f doc:deck.js/extensions/navigation/deck.navigation.css: about to run 'doc:deck.js/extensions/navigation/deck.navigation.css'
dexy - INFO - running 9f056452031edacb6ac56c3edb9f3951 doc:deck.js/extensions/status/deck.status.html: about to run 'doc:deck.js/extensions/status/deck.status.html'
dexy - INFO - running cc3657b7926ff22060aa4ffef4966003 doc:deck.js/extensions/status/deck.status.scss: about to run 'doc:deck.js/extensions/status/deck.status.scss'
dexy - INFO - running e93c72728e07ed3bc20d95d2d1a51943 doc:deck.js/themes/style/images/grid.png: about to run 'doc:deck.js/themes/style/images/grid.png'
dexy - INFO - running fb7d6c9e1c9f6a6fa016c27f55f6d0e8 doc:deck.js/presenting-analysis/index.html: about to run 'doc:deck.js/presenting-analysis/index.html'
dexy - INFO - running c59756dc36582d3dba2decbe5ffa4698 doc:deck.js/test/spec.navigation.js: about to run 'doc:deck.js/test/spec.navigation.js'
dexy - INFO - running 7fe8af99ffe58bac41abc6997f2f6d26 doc:deck.js/test/settings.js: about to run 'doc:deck.js/test/settings.js'
dexy - INFO - running ba32ac0e4a3003a6fca58fcdfd6bfe0b doc:deck.js/presenting-analysis/img/background.png: about to run 'doc:deck.js/presenting-analysis/img/background.png'
dexy - INFO - running 2d2c32c56990ec28ef16ac943f91c6ed doc:deck.js/themes/style/config.rb: about to run 'doc:deck.js/themes/style/config.rb'
dexy - INFO - running 383f93549d2a82059977d3e8af99caf9 doc:deck.js/extensions/navigation/deck.navigation.js: about to run 'doc:deck.js/extensions/navigation/deck.navigation.js'
dexy - INFO - running 1f300e87548ba6e469fa7f472befe14d doc:deck.js/themes/style/web-2.0.scss: about to run 'doc:deck.js/themes/style/web-2.0.scss'
dexy - INFO - running 9aff5bae77849ff8f74bf824169e1c2d doc:deck.js/themes/style/neon.css: about to run 'doc:deck.js/themes/style/neon.css'
dexy - INFO - running 7539dc90b3cc6c031da5b5d997ef2e32 doc:deck.js/test/fixtures/iframes.html: about to run 'doc:deck.js/test/fixtures/iframes.html'
dexy - INFO - running 21e0f90d27d674fbe6ac12b4e80cb20b doc:deck.js/introduction/index.html: about to run 'doc:deck.js/introduction/index.html'
dexy - INFO - running 13b8ae8c536a1028074cf0006c6e66aa doc:deck.js/test/lib/jasmine-jquery.js: about to run 'doc:deck.js/test/lib/jasmine-jquery.js'
dexy - INFO - running 4a59236c7a15dbd9ff33dcd9b1e52ee1 doc:deck.js/test/spec.hash.js: about to run 'doc:deck.js/test/spec.hash.js'
dexy - INFO - running 683991747f3e566468c5939448fbd913 doc:deck.js/extensions/scale/deck.scale.js: about to run 'doc:deck.js/extensions/scale/deck.scale.js'
dexy - INFO - running 109b87f9391110ceb23ed01810998205 doc:deck.js/test/fixtures/empty.html: about to run 'doc:deck.js/test/fixtures/empty.html'
dexy - INFO - running b9b2d46b0aa8b92df8a5e8289109343a doc:deck.js/themes/style/web-2.0.css: about to run 'doc:deck.js/themes/style/web-2.0.css'
dexy - INFO - running d5eab269dcd6ed31173db25c4f08929d doc:deck.js/core/deck.core.css: about to run 'doc:deck.js/core/deck.core.css'
dexy - INFO - running b4afbcfb2a38ba6720fa1398c07e8a96 doc:deck.js/test/spec.status.js: about to run 'doc:deck.js/test/spec.status.js'
dexy - INFO - running 7ad97aec44131618109138208bdadd0b doc:deck.js/themes/transition/fade.scss: about to run 'doc:deck.js/themes/transition/fade.scss'
dexy - INFO - running cfc52d2d78764d59c8eb60c0c4b8a7db doc:deck.js/extensions/goto/deck.goto.css: about to run 'doc:deck.js/extensions/goto/deck.goto.css'
dexy - INFO - running 6cbe2a9199fbac1d4f1a691e81c582b7 doc:deck.js/extensions/scale/deck.scale.css: about to run 'doc:deck.js/extensions/scale/deck.scale.css'
dexy - INFO - running 4f4d8a5f27b79d1f2aeaf17d1bd818bf doc:deck.js/extensions/navigation/deck.navigation.scss: about to run 'doc:deck.js/extensions/navigation/deck.navigation.scss'
dexy - INFO - running 4508c4937ef5558d852276a217440e72 doc:deck.js/test/lib/jasmine.js: about to run 'doc:deck.js/test/lib/jasmine.js'
dexy - INFO - running 2e5ce87be51a99c2564f27c220777442 doc:deck.js/extensions/status/deck.status.css: about to run 'doc:deck.js/extensions/status/deck.status.css'
dexy - INFO - running e24954258dcecc812b68092032492eef doc:deck.js/test/fixtures/nesteds.html: about to run 'doc:deck.js/test/fixtures/nesteds.html'
dexy - INFO - running 7678db2933518ddec7264be7d4aecb80 doc:deck.js/dataewan.css: about to run 'doc:deck.js/dataewan.css'
dexy - INFO - running 5ea46e7b2364aec80aa93dfc7fb4002f doc:deck.js/test/lib/jasmine.css: about to run 'doc:deck.js/test/lib/jasmine.css'
dexy - INFO - running 0cf4717a8e7291e3201a243bf05088f1 doc:deck.js/themes/style/swiss.css: about to run 'doc:deck.js/themes/style/swiss.css'
dexy - INFO - running 2e3a0a26fc8e219dbc79a63b1542c36b doc:deck.js/themes/transition/vertical-slide.css: about to run 'doc:deck.js/themes/transition/vertical-slide.css'
dexy - INFO - running 3e7a53546ea5379996cf4639f3451aaf doc:deck.js/extensions/hash/deck.hash.scss: about to run 'doc:deck.js/extensions/hash/deck.hash.scss'
dexy - INFO - running 317121c0532e8b15843edfad5e3b5fa3 doc:deck.js/MIT-license.txt: about to run 'doc:deck.js/MIT-license.txt'
dexy - INFO - running e8e7a36778f0c0c4167e4d54b8541550 doc:deck.js/themes/transition/horizontal-slide.css: about to run 'doc:deck.js/themes/transition/horizontal-slide.css'
dexy - INFO - running 98defd6ee70dfb1dea416cecdf391f58 bundle:site: about to run 'bundle:site'
dexy - INFO - running ca75b38e46191d369efaaf1029c29094 doc:index.html|jinja: about to run 'doc:index.html|jinja'
dexy - INFO - running 63b40ce095bdfc2952302ce61ca69042 doc:processdata.py|py: about to run 'doc:processdata.py|py'
